Flow report for lab8
Tue Dec 06 01:49:49 2016
Quartus II 64-Bit Version 15.0.0 Build 145 04/22/2015 SJ Web Edition


---------------------
; Table of Contents ;
---------------------
  1. Legal Notice
  2. Flow Summary
  3. Flow Settings
  4. Flow Non-Default Global Settings
  5. Flow Elapsed Time
  6. Flow OS Summary
  7. Flow Log
  8. Flow Messages
  9. Flow Suppressed Messages



----------------
; Legal Notice ;
----------------
Copyright (C) 1991-2015 Altera Corporation. All rights reserved.
Your use of Altera Corporation's design tools, logic functions 
and other software and tools, and its AMPP partner logic 
functions, and any output files from any of the foregoing 
(including device programming or simulation files), and any 
associated documentation or information are expressly subject 
to the terms and conditions of the Altera Program License 
Subscription Agreement, the Altera Quartus II License Agreement,
the Altera MegaCore Function License Agreement, or other 
applicable license agreement, including, without limitation, 
that your use is for the sole purpose of programming logic 
devices manufactured by Altera and sold by Altera or its 
authorized distributors.  Please refer to the applicable 
agreement for further details.



+---------------------------------------------------------------------------------+
; Flow Summary                                                                    ;
+------------------------------------+--------------------------------------------+
; Flow Status                        ; Successful - Tue Dec 06 01:49:49 2016      ;
; Quartus II 64-Bit Version          ; 15.0.0 Build 145 04/22/2015 SJ Web Edition ;
; Revision Name                      ; lab8                                       ;
; Top-level Entity Name              ; lab8                                       ;
; Family                             ; Cyclone IV E                               ;
; Device                             ; EP4CE115F29C7                              ;
; Timing Models                      ; Final                                      ;
; Total logic elements               ; 61,064 / 114,480 ( 53 % )                  ;
;     Total combinational functions  ; 60,320 / 114,480 ( 53 % )                  ;
;     Dedicated logic registers      ; 3,024 / 114,480 ( 3 % )                    ;
; Total registers                    ; 3143                                       ;
; Total pins                         ; 170 / 529 ( 32 % )                         ;
; Total virtual pins                 ; 0                                          ;
; Total memory bits                  ; 11,392 / 3,981,312 ( < 1 % )               ;
; Embedded Multiplier 9-bit elements ; 0 / 532 ( 0 % )                            ;
; Total PLLs                         ; 1 / 4 ( 25 % )                             ;
+------------------------------------+--------------------------------------------+


+-----------------------------------------+
; Flow Settings                           ;
+-------------------+---------------------+
; Option            ; Setting             ;
+-------------------+---------------------+
; Start date & time ; 12/06/2016 01:14:56 ;
; Main task         ; Compilation         ;
; Revision Name     ; lab8                ;
+-------------------+---------------------+


+---------------------------------------------------------------------------------------------------------------------------------------------------------+
; Flow Non-Default Global Settings                                                                                                                        ;
+--------------------------------------+---------------------------------------------------------------+---------------+-----------------+----------------+
; Assignment Name                      ; Value                                                         ; Default Value ; Entity Name     ; Section Id     ;
+--------------------------------------+---------------------------------------------------------------+---------------+-----------------+----------------+
; COMPILER_SIGNATURE_ID                ; 189794995867165.148100849510548                               ; --            ; --              ; --             ;
; EDA_DESIGN_INSTANCE_NAME             ; NA                                                            ; --            ; --              ; testbench      ;
; EDA_NATIVELINK_SIMULATION_TEST_BENCH ; testbench                                                     ; --            ; --              ; eda_simulation ;
; EDA_OUTPUT_DATA_FORMAT               ; Systemverilog Hdl                                             ; --            ; --              ; eda_simulation ;
; EDA_RUN_TOOL_AUTOMATICALLY           ; Off                                                           ; --            ; --              ; eda_simulation ;
; EDA_SIMULATION_TOOL                  ; ModelSim-Altera (SystemVerilog)                               ; <None>        ; --              ; --             ;
; EDA_TEST_BENCH_ENABLE_STATUS         ; TEST_BENCH_MODE                                               ; --            ; --              ; eda_simulation ;
; EDA_TEST_BENCH_FILE                  ; Test_Bench.sv                                                 ; --            ; --              ; testbench      ;
; EDA_TEST_BENCH_MODULE_NAME           ; testbench                                                     ; --            ; --              ; testbench      ;
; EDA_TEST_BENCH_NAME                  ; testbench                                                     ; --            ; --              ; eda_simulation ;
; EDA_TEST_BENCH_RUN_SIM_FOR           ; 10000 ns                                                      ; --            ; --              ; testbench      ;
; EDA_TIME_SCALE                       ; 1 ns                                                          ; --            ; --              ; eda_simulation ;
; FLOW_ENABLE_POWER_ANALYZER           ; On                                                            ; Off           ; --              ; --             ;
; MAX_CORE_JUNCTION_TEMP               ; 85                                                            ; --            ; --              ; --             ;
; MIN_CORE_JUNCTION_TEMP               ; 0                                                             ; --            ; --              ; --             ;
; MISC_FILE                            ; nios_system/synthesis/../nios_system.cmp                      ; --            ; --              ; --             ;
; MISC_FILE                            ; nios_system/synthesis/../../nios_system.qsys                  ; --            ; --              ; --             ;
; PARTITION_COLOR                      ; 16764057                                                      ; --            ; DE2_115_Default ; Top            ;
; PARTITION_COLOR                      ; 16764057                                                      ; --            ; --              ; Top            ;
; PARTITION_FITTER_PRESERVATION_LEVEL  ; PLACEMENT_AND_ROUTING                                         ; --            ; DE2_115_Default ; Top            ;
; PARTITION_FITTER_PRESERVATION_LEVEL  ; PLACEMENT_AND_ROUTING                                         ; --            ; --              ; Top            ;
; PARTITION_NETLIST_TYPE               ; SOURCE                                                        ; --            ; DE2_115_Default ; Top            ;
; PARTITION_NETLIST_TYPE               ; SOURCE                                                        ; --            ; --              ; Top            ;
; POWER_BOARD_THERMAL_MODEL            ; None (CONSERVATIVE)                                           ; --            ; --              ; --             ;
; POWER_DEFAULT_INPUT_IO_TOGGLE_RATE   ; 12.5 %                                                        ; 12.5%         ; --              ; --             ;
; POWER_PRESET_COOLING_SOLUTION        ; 23 MM HEAT SINK WITH 200 LFPM AIRFLOW                         ; --            ; --              ; --             ;
; SLD_FILE                             ; nios_system/synthesis/nios_system.regmap                      ; --            ; --              ; --             ;
; SLD_FILE                             ; nios_system/synthesis/nios_system.debuginfo                   ; --            ; --              ; --             ;
; SLD_INFO                             ; QSYS_NAME nios_system HAS_SOPCINFO 1 GENERATION_ID 1480905656 ; --            ; nios_system     ; --             ;
; SOPCINFO_FILE                        ; nios_system/synthesis/../../nios_system.sopcinfo              ; --            ; --              ; --             ;
; SYNTHESIS_ONLY_QIP                   ; On                                                            ; --            ; --              ; --             ;
+--------------------------------------+---------------------------------------------------------------+---------------+-----------------+----------------+


+-------------------------------------------------------------------------------------------------------------------------------+
; Flow Elapsed Time                                                                                                             ;
+---------------------------+--------------+-------------------------+---------------------+------------------------------------+
; Module Name               ; Elapsed Time ; Average Processors Used ; Peak Virtual Memory ; Total CPU Time (on all processors) ;
+---------------------------+--------------+-------------------------+---------------------+------------------------------------+
; Analysis & Synthesis      ; 00:25:12     ; 1.0                     ; 3165 MB             ; 00:25:35                           ;
; Fitter                    ; 00:06:12     ; 1.0                     ; 1942 MB             ; 00:06:09                           ;
; Assembler                 ; 00:00:09     ; 1.0                     ; 783 MB              ; 00:00:09                           ;
; PowerPlay Power Analyzer  ; 00:01:05     ; 1.0                     ; 1194 MB             ; 00:01:05                           ;
; TimeQuest Timing Analyzer ; 00:00:29     ; 1.0                     ; 1288 MB             ; 00:00:29                           ;
; EDA Netlist Writer        ; 00:01:14     ; 1.0                     ; 1221 MB             ; 00:01:12                           ;
; Total                     ; 00:34:21     ; --                      ; --                  ; 00:34:39                           ;
+---------------------------+--------------+-------------------------+---------------------+------------------------------------+


+----------------------------------------------------------------------------------------+
; Flow OS Summary                                                                        ;
+---------------------------+------------------+-----------+------------+----------------+
; Module Name               ; Machine Hostname ; OS Name   ; OS Version ; Processor type ;
+---------------------------+------------------+-----------+------------+----------------+
; Analysis & Synthesis      ; iotop            ; Windows 7 ; 6.2        ; x86_64         ;
; Fitter                    ; iotop            ; Windows 7 ; 6.2        ; x86_64         ;
; Assembler                 ; iotop            ; Windows 7 ; 6.2        ; x86_64         ;
; PowerPlay Power Analyzer  ; iotop            ; Windows 7 ; 6.2        ; x86_64         ;
; TimeQuest Timing Analyzer ; iotop            ; Windows 7 ; 6.2        ; x86_64         ;
; EDA Netlist Writer        ; iotop            ; Windows 7 ; 6.2        ; x86_64         ;
+---------------------------+------------------+-----------+------------+----------------+


------------
; Flow Log ;
------------
quartus_map --read_settings_files=on --write_settings_files=off lab8 -c lab8
quartus_fit --read_settings_files=off --write_settings_files=off lab8 -c lab8
quartus_asm --read_settings_files=off --write_settings_files=off lab8 -c lab8
quartus_pow --read_settings_files=off --write_settings_files=off lab8 -c lab8
quartus_sta lab8 -c lab8
quartus_eda --read_settings_files=off --write_settings_files=off lab8 -c lab8



